2025-12-15 01:32:05, MOVE, v:1, k:poo@estacionamento, mode:PICK
2025-12-15 01:32:06, EXEC, v:1, k:poo@estacionamento, mode:FULL, rate:0, size:108
2025-12-15 01:33:42, EXEC, v:1, k:poo@estacionamento, mode:FULL, rate:0, size:108
2025-12-15 01:33:43, EXEC, v:1, k:poo@estacionamento, mode:FULL, rate:0
2025-12-15 01:33:44, EXEC, v:1, k:poo@estacionamento, mode:FULL, rate:0
2025-12-15 01:33:44, EXEC, v:1, k:poo@estacionamento, mode:FULL, rate:0
2025-12-15 01:36:28, EXEC, v:1, k:poo@estacionamento, mode:FULL, rate:0, size:108
2025-12-15 01:36:38, MOVE, v:1, k:poo@estacionamento, mode:BACK
2025-12-15 01:36:44, MOVE, v:1, k:poo@estacionamento, mode:PICK
2025-12-15 01:36:45, EXEC, v:1, k:poo@estacionamento, mode:FULL, rate:0
2025-12-15 01:53:29, EXEC, v:1, k:poo@estacionamento, mode:FULL, rate:0, size:114
2025-12-15 01:53:30, MOVE, v:1, k:poo@estacionamento, mode:BACK
2025-12-15 01:55:53, MOVE, v:1, k:poo@estacionamento, mode:PICK
2025-12-15 01:55:53, EXEC, v:1, k:poo@estacionamento, mode:FULL, rate:0, size:112
2025-12-15 01:55:54, EXEC, v:1, k:poo@estacionamento, mode:FULL, rate:0
2025-12-15 01:55:55, EXEC, v:1, k:poo@estacionamento, mode:FULL, rate:0
2025-12-15 01:55:55, EXEC, v:1, k:poo@estacionamento, mode:FULL, rate:0
2025-12-15 01:55:55, EXEC, v:1, k:poo@estacionamento, mode:FULL, rate:0
2025-12-15 01:55:55, EXEC, v:1, k:poo@estacionamento, mode:FULL, rate:0
2025-12-15 01:55:55, EXEC, v:1, k:poo@estacionamento, mode:FULL, rate:0
2025-12-15 01:55:56, EXEC, v:1, k:poo@estacionamento, mode:FULL, rate:0
2025-12-15 01:55:56, EXEC, v:1, k:poo@estacionamento, mode:FULL, rate:0
2025-12-15 02:00:36, EXEC, v:1, k:poo@estacionamento, mode:FULL, rate:0, size:111
2025-12-15 02:04:19, MOVE, v:1, k:poo@estacionamento, mode:PICK
2025-12-15 02:04:19, EXEC, v:1, k:poo@estacionamento, mode:FULL, rate:0, size:109
2025-12-15 02:07:14, EXEC, v:1, k:poo@estacionamento, mode:FULL, rate:0, size:109
2025-12-15 02:09:30, MOVE, v:1, k:poo@estacionamento, mode:BACK
2025-12-15 02:10:23, MOVE, v:1, k:poo@estacionamento, mode:PICK
2025-12-15 02:10:24, EXEC, v:1, k:poo@estacionamento, mode:FULL, rate:0, size:109
2025-12-15 02:10:26, EXEC, v:1, k:poo@estacionamento, mode:FULL, rate:0
2025-12-15 02:11:40, EXEC, v:1, k:poo@estacionamento, mode:FULL, rate:0, size:109
2025-12-15 02:11:42, MOVE, v:1, k:poo@estacionamento, mode:BACK
2025-12-15 02:11:46, MOVE, v:1, k:poo@estacionamento, mode:PICK
2025-12-15 02:13:55, EXEC, v:1, k:poo@estacionamento, mode:FULL, rate:0, size:107
2025-12-15 02:14:02, EXEC, v:1, k:poo@estacionamento, mode:FULL, rate:0, size:107
2025-12-15 02:15:24, EXEC, v:1, k:poo@estacionamento, mode:FULL, rate:0, size:107
2025-12-15 02:19:24, EXEC, v:1, k:poo@estacionamento, mode:FULL, rate:0, size:108
2025-12-15 02:20:19, EXEC, v:1, k:poo@estacionamento, mode:FULL, rate:0, size:108
2025-12-15 02:20:57, EXEC, v:1, k:poo@estacionamento, mode:FULL, rate:0, size:108
2025-12-15 02:21:08, EXEC, v:1, k:poo@estacionamento, mode:FULL, rate:0, size:108
2025-12-15 02:21:35, EXEC, v:1, k:poo@estacionamento, mode:FULL, rate:0, size:109
2025-12-15 02:21:56, EXEC, v:1, k:poo@estacionamento, mode:FULL, rate:0, size:109
2025-12-15 02:22:05, EXEC, v:1, k:poo@estacionamento, mode:FULL, rate:0, size:109
2025-12-15 02:22:13, EXEC, v:1, k:poo@estacionamento, mode:FULL, rate:0, size:109
2025-12-15 02:22:36, EXEC, v:1, k:poo@estacionamento, mode:FULL, rate:0, size:109
2025-12-15 02:22:46, EXEC, v:1, k:poo@estacionamento, mode:FULL, rate:0, size:109
2025-12-15 02:22:53, MOVE, v:1, k:poo@estacionamento, mode:BACK
2025-12-15 02:23:19, MOVE, v:1, k:poo@estacionamento, mode:PICK
2025-12-15 02:23:20, EXEC, v:1, k:poo@estacionamento, mode:FULL, rate:0
2025-12-15 02:26:43, EXEC, v:1, k:poo@estacionamento, mode:FULL, rate:75, size:109
2025-12-15 02:27:15, EXEC, v:1, k:poo@estacionamento, mode:FULL, rate:75, size:108
2025-12-15 02:31:51, EXEC, v:1, k:poo@estacionamento, mode:FULL, rate:75, size:108
2025-12-15 02:32:36, EXEC, v:1, k:poo@estacionamento, mode:FULL, rate:75, size:108
2025-12-15 02:33:14, EXEC, v:1, k:poo@estacionamento, mode:FULL, rate:75, size:108
2025-12-15 02:34:03, EXEC, v:1, k:poo@estacionamento, mode:FULL, rate:75, size:108
2025-12-15 02:34:30, EXEC, v:1, k:poo@estacionamento, mode:FULL, rate:75, size:108
2025-12-15 02:34:50, EXEC, v:1, k:poo@estacionamento, mode:FULL, rate:100, size:108
2025-12-15 02:34:54, MOVE, v:1, k:poo@estacionamento, mode:BACK
2025-12-15 02:38:29, SELF, v:1, k:poo@estacionamento, rate:100, iagen:Para_ajudar_a_entender_a_questao_e_procurar_erros, alone:10, study:2880
2025-12-15 02:40:18, SELF, v:1, k:poo@estacionamento, rate:100, human:monitor, iagen:Para_ajudar_a_entender_a_questao_e_procurar_erros, alone:10, study:2880
2025-12-15 02:47:10, MOVE, v:1, k:poo@zoo, mode:PICK
2025-12-15 02:47:10, EXEC, v:1, k:poo@zoo, mode:LOCK, rate:100, size:0
2025-12-15 02:47:11, EXEC, v:1, k:poo@zoo, mode:LOCK, rate:100
2025-12-15 02:47:12, MOVE, v:1, k:poo@zoo, mode:BACK
